{"D:\\github\\RainbowBrowserAI\\testing-suite\\src\\utils\\api-client.ts": {"path":"D:\\github\\RainbowBrowserAI\\testing-suite\\src\\utils\\api-client.ts","statementMap":{"0":{"start":{"line":1,"column":0},"end":{"line":1,"column":45}},"1":{"start":{"line":28,"column":4},"end":{"line":34,"column":7}},"2":{"start":{"line":37,"column":4},"end":{"line":51,"column":6}},"3":{"start":{"line":38,"column":20},"end":{"line":38,"column":28}},"4":{"start":{"line":40,"column":8},"end":{"line":49,"column":9}},"5":{"start":{"line":42,"column":10},"end":{"line":42,"column":104}},"6":{"start":{"line":43,"column":15},"end":{"line":49,"column":9}},"7":{"start":{"line":45,"column":10},"end":{"line":45,"column":68}},"8":{"start":{"line":48,"column":10},"end":{"line":48,"column":61}},"9":{"start":{"line":56,"column":21},"end":{"line":56,"column":57}},"10":{"start":{"line":57,"column":4},"end":{"line":57,"column":25}},"11":{"start":{"line":62,"column":21},"end":{"line":62,"column":56}},"12":{"start":{"line":63,"column":4},"end":{"line":63,"column":25}},"13":{"start":{"line":68,"column":21},"end":{"line":68,"column":74}},"14":{"start":{"line":69,"column":4},"end":{"line":69,"column":25}},"15":{"start":{"line":74,"column":21},"end":{"line":74,"column":79}},"16":{"start":{"line":75,"column":4},"end":{"line":75,"column":25}},"17":{"start":{"line":79,"column":21},"end":{"line":79,"column":76}},"18":{"start":{"line":80,"column":4},"end":{"line":80,"column":25}},"19":{"start":{"line":84,"column":21},"end":{"line":84,"column":79}},"20":{"start":{"line":85,"column":4},"end":{"line":85,"column":25}},"21":{"start":{"line":89,"column":21},"end":{"line":89,"column":85}},"22":{"start":{"line":90,"column":4},"end":{"line":90,"column":25}},"23":{"start":{"line":95,"column":4},"end":{"line":98,"column":7}},"24":{"start":{"line":102,"column":4},"end":{"line":105,"column":7}},"25":{"start":{"line":109,"column":4},"end":{"line":112,"column":7}},"26":{"start":{"line":116,"column":4},"end":{"line":119,"column":7}},"27":{"start":{"line":123,"column":4},"end":{"line":126,"column":7}},"28":{"start":{"line":130,"column":4},"end":{"line":133,"column":7}},"29":{"start":{"line":137,"column":4},"end":{"line":140,"column":7}},"30":{"start":{"line":144,"column":4},"end":{"line":147,"column":7}},"31":{"start":{"line":151,"column":4},"end":{"line":154,"column":7}},"32":{"start":{"line":158,"column":4},"end":{"line":161,"column":7}},"33":{"start":{"line":165,"column":4},"end":{"line":168,"column":7}},"34":{"start":{"line":172,"column":4},"end":{"line":175,"column":7}},"35":{"start":{"line":180,"column":4},"end":{"line":183,"column":7}},"36":{"start":{"line":187,"column":4},"end":{"line":190,"column":7}},"37":{"start":{"line":194,"column":4},"end":{"line":197,"column":7}},"38":{"start":{"line":208,"column":4},"end":{"line":221,"column":5}},"39":{"start":{"line":208,"column":23},"end":{"line":208,"column":24}},"40":{"start":{"line":209,"column":6},"end":{"line":220,"column":7}},"41":{"start":{"line":210,"column":8},"end":{"line":210,"column":33}},"42":{"start":{"line":212,"column":8},"end":{"line":212,"column":35}},"43":{"start":{"line":214,"column":8},"end":{"line":216,"column":9}},"44":{"start":{"line":215,"column":10},"end":{"line":215,"column":26}},"45":{"start":{"line":218,"column":8},"end":{"line":218,"column":78}},"46":{"start":{"line":219,"column":8},"end":{"line":219,"column":67}},"47":{"start":{"line":219,"column":37},"end":{"line":219,"column":65}},"48":{"start":{"line":223,"column":4},"end":{"line":223,"column":21}},"49":{"start":{"line":24,"column":0},"end":{"line":24,"column":13}}},"fnMap":{"0":{"name":"(anonymous_1)","decl":{"start":{"line":27,"column":2},"end":{"line":27,"column":14}},"loc":{"start":{"line":27,"column":55},"end":{"line":52,"column":3}}},"1":{"name":"(anonymous_2)","decl":{"start":{"line":38,"column":6},"end":{"line":38,"column":7}},"loc":{"start":{"line":38,"column":20},"end":{"line":38,"column":28}}},"2":{"name":"(anonymous_3)","decl":{"start":{"line":39,"column":6},"end":{"line":39,"column":7}},"loc":{"start":{"line":39,"column":16},"end":{"line":50,"column":7}}},"3":{"name":"(anonymous_4)","decl":{"start":{"line":55,"column":2},"end":{"line":55,"column":7}},"loc":{"start":{"line":55,"column":14},"end":{"line":58,"column":3}}},"4":{"name":"(anonymous_5)","decl":{"start":{"line":61,"column":2},"end":{"line":61,"column":7}},"loc":{"start":{"line":61,"column":16},"end":{"line":64,"column":3}}},"5":{"name":"(anonymous_6)","decl":{"start":{"line":67,"column":2},"end":{"line":67,"column":7}},"loc":{"start":{"line":67,"column":49},"end":{"line":70,"column":3}}},"6":{"name":"(anonymous_7)","decl":{"start":{"line":73,"column":2},"end":{"line":73,"column":7}},"loc":{"start":{"line":73,"column":36},"end":{"line":76,"column":3}}},"7":{"name":"(anonymous_8)","decl":{"start":{"line":78,"column":2},"end":{"line":78,"column":7}},"loc":{"start":{"line":78,"column":46},"end":{"line":81,"column":3}}},"8":{"name":"(anonymous_9)","decl":{"start":{"line":83,"column":2},"end":{"line":83,"column":7}},"loc":{"start":{"line":83,"column":59},"end":{"line":86,"column":3}}},"9":{"name":"(anonymous_10)","decl":{"start":{"line":88,"column":2},"end":{"line":88,"column":7}},"loc":{"start":{"line":88,"column":47},"end":{"line":91,"column":3}}},"10":{"name":"(anonymous_11)","decl":{"start":{"line":94,"column":2},"end":{"line":94,"column":7}},"loc":{"start":{"line":94,"column":28},"end":{"line":99,"column":3}}},"11":{"name":"(anonymous_12)","decl":{"start":{"line":101,"column":2},"end":{"line":101,"column":7}},"loc":{"start":{"line":101,"column":30},"end":{"line":106,"column":3}}},"12":{"name":"(anonymous_13)","decl":{"start":{"line":108,"column":2},"end":{"line":108,"column":7}},"loc":{"start":{"line":108,"column":47},"end":{"line":113,"column":3}}},"13":{"name":"(anonymous_14)","decl":{"start":{"line":115,"column":2},"end":{"line":115,"column":7}},"loc":{"start":{"line":115,"column":36},"end":{"line":120,"column":3}}},"14":{"name":"(anonymous_15)","decl":{"start":{"line":122,"column":2},"end":{"line":122,"column":7}},"loc":{"start":{"line":122,"column":43},"end":{"line":127,"column":3}}},"15":{"name":"(anonymous_16)","decl":{"start":{"line":129,"column":2},"end":{"line":129,"column":7}},"loc":{"start":{"line":129,"column":63},"end":{"line":134,"column":3}}},"16":{"name":"(anonymous_17)","decl":{"start":{"line":136,"column":2},"end":{"line":136,"column":7}},"loc":{"start":{"line":136,"column":30},"end":{"line":141,"column":3}}},"17":{"name":"(anonymous_18)","decl":{"start":{"line":143,"column":2},"end":{"line":143,"column":7}},"loc":{"start":{"line":143,"column":30},"end":{"line":148,"column":3}}},"18":{"name":"(anonymous_19)","decl":{"start":{"line":150,"column":2},"end":{"line":150,"column":7}},"loc":{"start":{"line":150,"column":14},"end":{"line":155,"column":3}}},"19":{"name":"(anonymous_20)","decl":{"start":{"line":157,"column":2},"end":{"line":157,"column":7}},"loc":{"start":{"line":157,"column":17},"end":{"line":162,"column":3}}},"20":{"name":"(anonymous_21)","decl":{"start":{"line":164,"column":2},"end":{"line":164,"column":7}},"loc":{"start":{"line":164,"column":15},"end":{"line":169,"column":3}}},"21":{"name":"(anonymous_22)","decl":{"start":{"line":171,"column":2},"end":{"line":171,"column":7}},"loc":{"start":{"line":171,"column":39},"end":{"line":176,"column":3}}},"22":{"name":"(anonymous_23)","decl":{"start":{"line":179,"column":2},"end":{"line":179,"column":7}},"loc":{"start":{"line":179,"column":52},"end":{"line":184,"column":3}}},"23":{"name":"(anonymous_24)","decl":{"start":{"line":186,"column":2},"end":{"line":186,"column":7}},"loc":{"start":{"line":186,"column":37},"end":{"line":191,"column":3}}},"24":{"name":"(anonymous_25)","decl":{"start":{"line":193,"column":2},"end":{"line":193,"column":7}},"loc":{"start":{"line":193,"column":27},"end":{"line":198,"column":3}}},"25":{"name":"(anonymous_26)","decl":{"start":{"line":201,"column":2},"end":{"line":201,"column":7}},"loc":{"start":{"line":204,"column":26},"end":{"line":224,"column":3}}},"26":{"name":"(anonymous_27)","decl":{"start":{"line":219,"column":26},"end":{"line":219,"column":33}},"loc":{"start":{"line":219,"column":37},"end":{"line":219,"column":65}}}},"branchMap":{"0":{"loc":{"start":{"line":27,"column":14},"end":{"line":27,"column":55}},"type":"default-arg","locations":[{"start":{"line":27,"column":32},"end":{"line":27,"column":55}}]},"1":{"loc":{"start":{"line":40,"column":8},"end":{"line":49,"column":9}},"type":"if","locations":[{"start":{"line":40,"column":8},"end":{"line":49,"column":9}},{"start":{"line":43,"column":15},"end":{"line":49,"column":9}}]},"2":{"loc":{"start":{"line":43,"column":15},"end":{"line":49,"column":9}},"type":"if","locations":[{"start":{"line":43,"column":15},"end":{"line":49,"column":9}},{"start":{"line":46,"column":15},"end":{"line":49,"column":9}}]},"3":{"loc":{"start":{"line":73,"column":20},"end":{"line":73,"column":36}},"type":"default-arg","locations":[{"start":{"line":73,"column":34},"end":{"line":73,"column":36}}]},"4":{"loc":{"start":{"line":122,"column":21},"end":{"line":122,"column":43}},"type":"default-arg","locations":[{"start":{"line":122,"column":40},"end":{"line":122,"column":43}}]},"5":{"loc":{"start":{"line":129,"column":41},"end":{"line":129,"column":63}},"type":"default-arg","locations":[{"start":{"line":129,"column":59},"end":{"line":129,"column":63}}]},"6":{"loc":{"start":{"line":203,"column":4},"end":{"line":203,"column":26}},"type":"default-arg","locations":[{"start":{"line":203,"column":25},"end":{"line":203,"column":26}}]},"7":{"loc":{"start":{"line":204,"column":4},"end":{"line":204,"column":26}},"type":"default-arg","locations":[{"start":{"line":204,"column":22},"end":{"line":204,"column":26}}]},"8":{"loc":{"start":{"line":214,"column":8},"end":{"line":216,"column":9}},"type":"if","locations":[{"start":{"line":214,"column":8},"end":{"line":216,"column":9}}]}},"s":{"0":0,"1":0,"2":0,"3":0,"4":0,"5":0,"6":0,"7":0,"8":0,"9":0,"10":0,"11":0,"12":0,"13":0,"14":0,"15":0,"16":0,"17":0,"18":0,"19":0,"20":0,"21":0,"22":0,"23":0,"24":0,"25":0,"26":0,"27":0,"28":0,"29":0,"30":0,"31":0,"32":0,"33":0,"34":0,"35":0,"36":0,"37":0,"38":0,"39":0,"40":0,"41":0,"42":0,"43":0,"44":0,"45":0,"46":0,"47":0,"48":0,"49":0},"f":{"0":0,"1":0,"2":0,"3":0,"4":0,"5":0,"6":0,"7":0,"8":0,"9":0,"10":0,"11":0,"12":0,"13":0,"14":0,"15":0,"16":0,"17":0,"18":0,"19":0,"20":0,"21":0,"22":0,"23":0,"24":0,"25":0,"26":0},"b":{"0":[0],"1":[0,0],"2":[0,0],"3":[0],"4":[0],"5":[0],"6":[0],"7":[0],"8":[0]}}
,"D:\\github\\RainbowBrowserAI\\testing-suite\\src\\utils\\test-server.ts": {"path":"D:\\github\\RainbowBrowserAI\\testing-suite\\src\\utils\\test-server.ts","statementMap":{"0":{"start":{"line":1,"column":0},"end":{"line":1,"column":52}},"1":{"start":{"line":2,"column":0},"end":{"line":2,"column":26}},"2":{"start":{"line":3,"column":0},"end":{"line":3,"column":24}},"3":{"start":{"line":6,"column":10},"end":{"line":6,"column":46}},"4":{"start":{"line":7,"column":19},"end":{"line":7,"column":39}},"5":{"start":{"line":8,"column":19},"end":{"line":8,"column":43}},"6":{"start":{"line":9,"column":19},"end":{"line":9,"column":45}},"7":{"start":{"line":12,"column":4},"end":{"line":12,"column":21}},"8":{"start":{"line":16,"column":4},"end":{"line":28,"column":5}},"9":{"start":{"line":18,"column":6},"end":{"line":18,"column":39}},"10":{"start":{"line":21,"column":6},"end":{"line":21,"column":38}},"11":{"start":{"line":24,"column":6},"end":{"line":24,"column":33}},"12":{"start":{"line":27,"column":6},"end":{"line":27,"column":63}},"13":{"start":{"line":32,"column":4},"end":{"line":48,"column":5}},"14":{"start":{"line":33,"column":6},"end":{"line":47,"column":9}},"15":{"start":{"line":34,"column":8},"end":{"line":37,"column":11}},"16":{"start":{"line":35,"column":10},"end":{"line":35,"column":30}},"17":{"start":{"line":36,"column":10},"end":{"line":36,"column":20}},"18":{"start":{"line":39,"column":8},"end":{"line":39,"column":38}},"19":{"start":{"line":42,"column":8},"end":{"line":46,"column":17}},"20":{"start":{"line":43,"column":10},"end":{"line":45,"column":11}},"21":{"start":{"line":44,"column":12},"end":{"line":44,"column":41}},"22":{"start":{"line":52,"column":4},"end":{"line":59,"column":5}},"23":{"start":{"line":53,"column":23},"end":{"line":55,"column":8}},"24":{"start":{"line":56,"column":6},"end":{"line":56,"column":62}},"25":{"start":{"line":58,"column":6},"end":{"line":58,"column":19}},"26":{"start":{"line":63,"column":4},"end":{"line":63,"column":43}},"27":{"start":{"line":67,"column":4},"end":{"line":80,"column":5}},"28":{"start":{"line":69,"column":6},"end":{"line":74,"column":7}},"29":{"start":{"line":70,"column":8},"end":{"line":70,"column":81}},"30":{"start":{"line":73,"column":8},"end":{"line":73,"column":83}},"31":{"start":{"line":77,"column":6},"end":{"line":77,"column":29}},"32":{"start":{"line":84,"column":24},"end":{"line":84,"column":62}},"33":{"start":{"line":85,"column":20},"end":{"line":85,"column":63}},"34":{"start":{"line":87,"column":4},"end":{"line":132,"column":7}},"35":{"start":{"line":88,"column":18},"end":{"line":92,"column":8}},"36":{"start":{"line":94,"column":6},"end":{"line":98,"column":9}},"37":{"start":{"line":100,"column":26},"end":{"line":100,"column":28}},"38":{"start":{"line":102,"column":6},"end":{"line":108,"column":9}},"39":{"start":{"line":103,"column":8},"end":{"line":103,"column":41}},"40":{"start":{"line":105,"column":8},"end":{"line":107,"column":9}},"41":{"start":{"line":106,"column":10},"end":{"line":106,"column":20}},"42":{"start":{"line":110,"column":6},"end":{"line":114,"column":9}},"43":{"start":{"line":111,"column":28},"end":{"line":111,"column":43}},"44":{"start":{"line":112,"column":8},"end":{"line":112,"column":51}},"45":{"start":{"line":113,"column":8},"end":{"line":113,"column":37}},"46":{"start":{"line":116,"column":6},"end":{"line":118,"column":9}},"47":{"start":{"line":117,"column":8},"end":{"line":117,"column":78}},"48":{"start":{"line":120,"column":6},"end":{"line":124,"column":9}},"49":{"start":{"line":121,"column":8},"end":{"line":123,"column":9}},"50":{"start":{"line":122,"column":10},"end":{"line":122,"column":89}},"51":{"start":{"line":127,"column":6},"end":{"line":131,"column":16}},"52":{"start":{"line":128,"column":8},"end":{"line":130,"column":9}},"53":{"start":{"line":129,"column":10},"end":{"line":129,"column":20}},"54":{"start":{"line":136,"column":4},"end":{"line":143,"column":5}},"55":{"start":{"line":136,"column":17},"end":{"line":136,"column":18}},"56":{"start":{"line":137,"column":6},"end":{"line":139,"column":7}},"57":{"start":{"line":138,"column":8},"end":{"line":138,"column":15}},"58":{"start":{"line":141,"column":6},"end":{"line":141,"column":85}},"59":{"start":{"line":142,"column":6},"end":{"line":142,"column":40}},"60":{"start":{"line":145,"column":4},"end":{"line":145,"column":99}},"61":{"start":{"line":149,"column":4},"end":{"line":149,"column":59}},"62":{"start":{"line":149,"column":34},"end":{"line":149,"column":57}},"63":{"start":{"line":5,"column":0},"end":{"line":5,"column":13}}},"fnMap":{"0":{"name":"(anonymous_1)","decl":{"start":{"line":11,"column":2},"end":{"line":11,"column":14}},"loc":{"start":{"line":11,"column":33},"end":{"line":13,"column":3}}},"1":{"name":"(anonymous_2)","decl":{"start":{"line":15,"column":2},"end":{"line":15,"column":7}},"loc":{"start":{"line":15,"column":13},"end":{"line":29,"column":3}}},"2":{"name":"(anonymous_3)","decl":{"start":{"line":31,"column":2},"end":{"line":31,"column":7}},"loc":{"start":{"line":31,"column":12},"end":{"line":49,"column":3}}},"3":{"name":"(anonymous_4)","decl":{"start":{"line":33,"column":25},"end":{"line":33,"column":26}},"loc":{"start":{"line":33,"column":37},"end":{"line":47,"column":7}}},"4":{"name":"(anonymous_5)","decl":{"start":{"line":34,"column":33},"end":{"line":34,"column":36}},"loc":{"start":{"line":34,"column":38},"end":{"line":37,"column":9}}},"5":{"name":"(anonymous_6)","decl":{"start":{"line":42,"column":19},"end":{"line":42,"column":22}},"loc":{"start":{"line":42,"column":24},"end":{"line":46,"column":9}}},"6":{"name":"(anonymous_7)","decl":{"start":{"line":51,"column":2},"end":{"line":51,"column":7}},"loc":{"start":{"line":51,"column":17},"end":{"line":60,"column":3}}},"7":{"name":"(anonymous_8)","decl":{"start":{"line":62,"column":2},"end":{"line":62,"column":12}},"loc":{"start":{"line":62,"column":12},"end":{"line":64,"column":3}}},"8":{"name":"(anonymous_9)","decl":{"start":{"line":66,"column":10},"end":{"line":66,"column":15}},"loc":{"start":{"line":66,"column":35},"end":{"line":81,"column":3}}},"9":{"name":"(anonymous_10)","decl":{"start":{"line":83,"column":10},"end":{"line":83,"column":15}},"loc":{"start":{"line":83,"column":34},"end":{"line":133,"column":3}}},"10":{"name":"(anonymous_11)","decl":{"start":{"line":87,"column":23},"end":{"line":87,"column":24}},"loc":{"start":{"line":87,"column":43},"end":{"line":132,"column":5}}},"11":{"name":"(anonymous_12)","decl":{"start":{"line":102,"column":38},"end":{"line":102,"column":39}},"loc":{"start":{"line":102,"column":47},"end":{"line":108,"column":7}}},"12":{"name":"(anonymous_13)","decl":{"start":{"line":110,"column":38},"end":{"line":110,"column":39}},"loc":{"start":{"line":110,"column":47},"end":{"line":114,"column":7}}},"13":{"name":"(anonymous_14)","decl":{"start":{"line":116,"column":31},"end":{"line":116,"column":32}},"loc":{"start":{"line":116,"column":41},"end":{"line":118,"column":7}}},"14":{"name":"(anonymous_15)","decl":{"start":{"line":120,"column":30},"end":{"line":120,"column":31}},"loc":{"start":{"line":120,"column":47},"end":{"line":124,"column":7}}},"15":{"name":"(anonymous_16)","decl":{"start":{"line":127,"column":17},"end":{"line":127,"column":20}},"loc":{"start":{"line":127,"column":22},"end":{"line":131,"column":7}}},"16":{"name":"(anonymous_17)","decl":{"start":{"line":135,"column":10},"end":{"line":135,"column":15}},"loc":{"start":{"line":135,"column":29},"end":{"line":146,"column":3}}},"17":{"name":"(anonymous_18)","decl":{"start":{"line":148,"column":10},"end":{"line":148,"column":15}},"loc":{"start":{"line":148,"column":26},"end":{"line":150,"column":3}}},"18":{"name":"(anonymous_19)","decl":{"start":{"line":149,"column":23},"end":{"line":149,"column":30}},"loc":{"start":{"line":149,"column":34},"end":{"line":149,"column":57}}}},"branchMap":{"0":{"loc":{"start":{"line":11,"column":14},"end":{"line":11,"column":33}},"type":"default-arg","locations":[{"start":{"line":11,"column":29},"end":{"line":11,"column":33}}]},"1":{"loc":{"start":{"line":32,"column":4},"end":{"line":48,"column":5}},"type":"if","locations":[{"start":{"line":32,"column":4},"end":{"line":48,"column":5}}]},"2":{"loc":{"start":{"line":43,"column":10},"end":{"line":45,"column":11}},"type":"if","locations":[{"start":{"line":43,"column":10},"end":{"line":45,"column":11}}]},"3":{"loc":{"start":{"line":56,"column":13},"end":{"line":56,"column":61}},"type":"binary-expr","locations":[{"start":{"line":56,"column":13},"end":{"line":56,"column":36}},{"start":{"line":56,"column":40},"end":{"line":56,"column":61}}]},"4":{"loc":{"start":{"line":69,"column":6},"end":{"line":74,"column":7}},"type":"if","locations":[{"start":{"line":69,"column":6},"end":{"line":74,"column":7}},{"start":{"line":71,"column":13},"end":{"line":74,"column":7}}]},"5":{"loc":{"start":{"line":105,"column":8},"end":{"line":107,"column":9}},"type":"if","locations":[{"start":{"line":105,"column":8},"end":{"line":107,"column":9}}]},"6":{"loc":{"start":{"line":105,"column":12},"end":{"line":105,"column":91}},"type":"binary-expr","locations":[{"start":{"line":105,"column":12},"end":{"line":105,"column":52}},{"start":{"line":105,"column":56},"end":{"line":105,"column":91}}]},"7":{"loc":{"start":{"line":121,"column":8},"end":{"line":123,"column":9}},"type":"if","locations":[{"start":{"line":121,"column":8},"end":{"line":123,"column":9}}]},"8":{"loc":{"start":{"line":121,"column":12},"end":{"line":121,"column":46}},"type":"binary-expr","locations":[{"start":{"line":121,"column":12},"end":{"line":121,"column":22}},{"start":{"line":121,"column":26},"end":{"line":121,"column":46}}]},"9":{"loc":{"start":{"line":128,"column":8},"end":{"line":130,"column":9}},"type":"if","locations":[{"start":{"line":128,"column":8},"end":{"line":130,"column":9}}]},"10":{"loc":{"start":{"line":128,"column":12},"end":{"line":128,"column":58}},"type":"binary-expr","locations":[{"start":{"line":128,"column":12},"end":{"line":128,"column":24}},{"start":{"line":128,"column":28},"end":{"line":128,"column":58}}]},"11":{"loc":{"start":{"line":137,"column":6},"end":{"line":139,"column":7}},"type":"if","locations":[{"start":{"line":137,"column":6},"end":{"line":139,"column":7}}]}},"s":{"0":0,"1":0,"2":0,"3":0,"4":0,"5":0,"6":0,"7":0,"8":0,"9":0,"10":0,"11":0,"12":0,"13":0,"14":0,"15":0,"16":0,"17":0,"18":0,"19":0,"20":0,"21":0,"22":0,"23":0,"24":0,"25":0,"26":0,"27":0,"28":0,"29":0,"30":0,"31":0,"32":0,"33":0,"34":0,"35":0,"36":0,"37":0,"38":0,"39":0,"40":0,"41":0,"42":0,"43":0,"44":0,"45":0,"46":0,"47":0,"48":0,"49":0,"50":0,"51":0,"52":0,"53":0,"54":0,"55":0,"56":0,"57":0,"58":0,"59":0,"60":0,"61":0,"62":0,"63":0},"f":{"0":0,"1":0,"2":0,"3":0,"4":0,"5":0,"6":0,"7":0,"8":0,"9":0,"10":0,"11":0,"12":0,"13":0,"14":0,"15":0,"16":0,"17":0,"18":0},"b":{"0":[0],"1":[0],"2":[0],"3":[0,0],"4":[0,0],"5":[0],"6":[0,0],"7":[0],"8":[0,0],"9":[0],"10":[0,0],"11":[0]}}
,"D:\\github\\RainbowBrowserAI\\testing-suite\\src\\utils\\test-utils.ts": {"path":"D:\\github\\RainbowBrowserAI\\testing-suite\\src\\utils\\test-utils.ts","statementMap":{"0":{"start":{"line":7,"column":4},"end":{"line":9,"column":49}},"1":{"start":{"line":16,"column":4},"end":{"line":18,"column":5}},"2":{"start":{"line":17,"column":6},"end":{"line":17,"column":19}},"3":{"start":{"line":20,"column":20},"end":{"line":20,"column":35}},"4":{"start":{"line":21,"column":4},"end":{"line":21,"column":57}},"5":{"start":{"line":28,"column":4},"end":{"line":33,"column":6}},"6":{"start":{"line":40,"column":4},"end":{"line":40,"column":59}},"7":{"start":{"line":40,"column":34},"end":{"line":40,"column":57}},"8":{"start":{"line":47,"column":41},"end":{"line":47,"column":43}},"9":{"start":{"line":49,"column":4},"end":{"line":63,"column":7}},"10":{"start":{"line":50,"column":6},"end":{"line":62,"column":7}},"11":{"start":{"line":52,"column":10},"end":{"line":52,"column":49}},"12":{"start":{"line":53,"column":10},"end":{"line":53,"column":16}},"13":{"start":{"line":55,"column":10},"end":{"line":55,"column":55}},"14":{"start":{"line":56,"column":10},"end":{"line":56,"column":16}},"15":{"start":{"line":58,"column":10},"end":{"line":58,"column":71}},"16":{"start":{"line":59,"column":10},"end":{"line":59,"column":16}},"17":{"start":{"line":61,"column":10},"end":{"line":61,"column":50}},"18":{"start":{"line":65,"column":4},"end":{"line":65,"column":16}},"19":{"start":{"line":72,"column":18},"end":{"line":72,"column":35}},"20":{"start":{"line":74,"column":20},"end":{"line":78,"column":5}},"21":{"start":{"line":75,"column":21},"end":{"line":75,"column":31}},"22":{"start":{"line":76,"column":18},"end":{"line":76,"column":35}},"23":{"start":{"line":77,"column":6},"end":{"line":77,"column":43}},"24":{"start":{"line":80,"column":4},"end":{"line":80,"column":21}},"25":{"start":{"line":87,"column":4},"end":{"line":96,"column":5}},"26":{"start":{"line":89,"column":8},"end":{"line":89,"column":36}},"27":{"start":{"line":91,"column":8},"end":{"line":91,"column":35}},"28":{"start":{"line":93,"column":8},"end":{"line":93,"column":69}},"29":{"start":{"line":95,"column":8},"end":{"line":95,"column":58}},"30":{"start":{"line":103,"column":29},"end":{"line":103,"column":31}},"31":{"start":{"line":105,"column":4},"end":{"line":107,"column":5}},"32":{"start":{"line":106,"column":6},"end":{"line":106,"column":51}},"33":{"start":{"line":109,"column":4},"end":{"line":111,"column":5}},"34":{"start":{"line":110,"column":6},"end":{"line":110,"column":43}},"35":{"start":{"line":113,"column":4},"end":{"line":115,"column":5}},"36":{"start":{"line":114,"column":6},"end":{"line":114,"column":46}},"37":{"start":{"line":117,"column":4},"end":{"line":120,"column":6}},"38":{"start":{"line":2,"column":0},"end":{"line":2,"column":13}}},"fnMap":{"0":{"name":"(anonymous_0)","decl":{"start":{"line":6,"column":2},"end":{"line":6,"column":8}},"loc":{"start":{"line":6,"column":41},"end":{"line":10,"column":3}}},"1":{"name":"(anonymous_1)","decl":{"start":{"line":15,"column":2},"end":{"line":15,"column":8}},"loc":{"start":{"line":15,"column":41},"end":{"line":22,"column":3}}},"2":{"name":"(anonymous_2)","decl":{"start":{"line":27,"column":2},"end":{"line":27,"column":8}},"loc":{"start":{"line":27,"column":72},"end":{"line":34,"column":3}}},"3":{"name":"(anonymous_3)","decl":{"start":{"line":39,"column":2},"end":{"line":39,"column":8}},"loc":{"start":{"line":39,"column":31},"end":{"line":41,"column":3}}},"4":{"name":"(anonymous_4)","decl":{"start":{"line":40,"column":23},"end":{"line":40,"column":30}},"loc":{"start":{"line":40,"column":34},"end":{"line":40,"column":57}}},"5":{"name":"(anonymous_5)","decl":{"start":{"line":46,"column":2},"end":{"line":46,"column":8}},"loc":{"start":{"line":46,"column":42},"end":{"line":66,"column":3}}},"6":{"name":"(anonymous_6)","decl":{"start":{"line":49,"column":19},"end":{"line":49,"column":20}},"loc":{"start":{"line":49,"column":36},"end":{"line":63,"column":5}}},"7":{"name":"(anonymous_7)","decl":{"start":{"line":71,"column":2},"end":{"line":71,"column":8}},"loc":{"start":{"line":71,"column":57},"end":{"line":81,"column":3}}},"8":{"name":"(anonymous_8)","decl":{"start":{"line":74,"column":20},"end":{"line":74,"column":25}},"loc":{"start":{"line":74,"column":31},"end":{"line":78,"column":5}}},"9":{"name":"(anonymous_9)","decl":{"start":{"line":86,"column":2},"end":{"line":86,"column":8}},"loc":{"start":{"line":86,"column":65},"end":{"line":97,"column":3}}},"10":{"name":"(anonymous_10)","decl":{"start":{"line":102,"column":2},"end":{"line":102,"column":8}},"loc":{"start":{"line":102,"column":32},"end":{"line":121,"column":3}}}},"branchMap":{"0":{"loc":{"start":{"line":7,"column":11},"end":{"line":9,"column":48}},"type":"binary-expr","locations":[{"start":{"line":7,"column":11},"end":{"line":7,"column":19}},{"start":{"line":8,"column":11},"end":{"line":8,"column":39}},{"start":{"line":9,"column":11},"end":{"line":9,"column":48}}]},"1":{"loc":{"start":{"line":16,"column":4},"end":{"line":18,"column":5}},"type":"if","locations":[{"start":{"line":16,"column":4},"end":{"line":18,"column":5}}]},"2":{"loc":{"start":{"line":16,"column":8},"end":{"line":16,"column":49}},"type":"binary-expr","locations":[{"start":{"line":16,"column":8},"end":{"line":16,"column":17}},{"start":{"line":16,"column":21},"end":{"line":16,"column":49}}]},"3":{"loc":{"start":{"line":21,"column":11},"end":{"line":21,"column":56}},"type":"binary-expr","locations":[{"start":{"line":21,"column":11},"end":{"line":21,"column":29}},{"start":{"line":21,"column":33},"end":{"line":21,"column":56}}]},"4":{"loc":{"start":{"line":30,"column":12},"end":{"line":30,"column":33}},"type":"cond-expr","locations":[{"start":{"line":30,"column":22},"end":{"line":30,"column":26}},{"start":{"line":30,"column":29},"end":{"line":30,"column":33}}]},"5":{"loc":{"start":{"line":31,"column":13},"end":{"line":31,"column":35}},"type":"cond-expr","locations":[{"start":{"line":31,"column":23},"end":{"line":31,"column":27}},{"start":{"line":31,"column":30},"end":{"line":31,"column":35}}]},"6":{"loc":{"start":{"line":50,"column":6},"end":{"line":62,"column":7}},"type":"switch","locations":[{"start":{"line":51,"column":8},"end":{"line":53,"column":16}},{"start":{"line":54,"column":8},"end":{"line":56,"column":16}},{"start":{"line":57,"column":8},"end":{"line":59,"column":16}},{"start":{"line":60,"column":8},"end":{"line":61,"column":50}}]},"7":{"loc":{"start":{"line":87,"column":4},"end":{"line":96,"column":5}},"type":"switch","locations":[{"start":{"line":88,"column":6},"end":{"line":89,"column":36}},{"start":{"line":90,"column":6},"end":{"line":91,"column":35}},{"start":{"line":92,"column":6},"end":{"line":93,"column":69}},{"start":{"line":94,"column":6},"end":{"line":95,"column":58}}]},"8":{"loc":{"start":{"line":105,"column":4},"end":{"line":107,"column":5}},"type":"if","locations":[{"start":{"line":105,"column":4},"end":{"line":107,"column":5}}]},"9":{"loc":{"start":{"line":109,"column":4},"end":{"line":111,"column":5}},"type":"if","locations":[{"start":{"line":109,"column":4},"end":{"line":111,"column":5}}]},"10":{"loc":{"start":{"line":113,"column":4},"end":{"line":115,"column":5}},"type":"if","locations":[{"start":{"line":113,"column":4},"end":{"line":115,"column":5}}]}},"s":{"0":5,"1":16,"2":4,"3":12,"4":12,"5":3,"6":3,"7":3,"8":4,"9":4,"10":7,"11":2,"12":2,"13":2,"14":2,"15":1,"16":1,"17":2,"18":4,"19":3,"20":3,"21":3,"22":3,"23":3,"24":3,"25":5,"26":2,"27":1,"28":1,"29":1,"30":2,"31":2,"32":1,"33":2,"34":0,"35":2,"36":0,"37":2,"38":1},"f":{"0":5,"1":16,"2":3,"3":3,"4":3,"5":4,"6":7,"7":3,"8":3,"9":5,"10":2},"b":{"0":[5,4,4],"1":[4],"2":[16,13],"3":[12,11],"4":[2,1],"5":[2,1],"6":[2,2,1,2],"7":[2,1,1,1],"8":[1],"9":[0],"10":[0]}}
}
