TN:
SF:src\utils\api-client.ts
FN:27,(anonymous_1)
FN:38,(anonymous_2)
FN:39,(anonymous_3)
FN:55,(anonymous_4)
FN:61,(anonymous_5)
FN:67,(anonymous_6)
FN:73,(anonymous_7)
FN:78,(anonymous_8)
FN:83,(anonymous_9)
FN:88,(anonymous_10)
FN:94,(anonymous_11)
FN:101,(anonymous_12)
FN:108,(anonymous_13)
FN:115,(anonymous_14)
FN:122,(anonymous_15)
FN:129,(anonymous_16)
FN:136,(anonymous_17)
FN:143,(anonymous_18)
FN:150,(anonymous_19)
FN:157,(anonymous_20)
FN:164,(anonymous_21)
FN:171,(anonymous_22)
FN:179,(anonymous_23)
FN:186,(anonymous_24)
FN:193,(anonymous_25)
FN:201,(anonymous_26)
FN:219,(anonymous_27)
FNF:27
FNH:0
FNDA:0,(anonymous_1)
FNDA:0,(anonymous_2)
FNDA:0,(anonymous_3)
FNDA:0,(anonymous_4)
FNDA:0,(anonymous_5)
FNDA:0,(anonymous_6)
FNDA:0,(anonymous_7)
FNDA:0,(anonymous_8)
FNDA:0,(anonymous_9)
FNDA:0,(anonymous_10)
FNDA:0,(anonymous_11)
FNDA:0,(anonymous_12)
FNDA:0,(anonymous_13)
FNDA:0,(anonymous_14)
FNDA:0,(anonymous_15)
FNDA:0,(anonymous_16)
FNDA:0,(anonymous_17)
FNDA:0,(anonymous_18)
FNDA:0,(anonymous_19)
FNDA:0,(anonymous_20)
FNDA:0,(anonymous_21)
FNDA:0,(anonymous_22)
FNDA:0,(anonymous_23)
FNDA:0,(anonymous_24)
FNDA:0,(anonymous_25)
FNDA:0,(anonymous_26)
FNDA:0,(anonymous_27)
DA:1,0
DA:24,0
DA:28,0
DA:37,0
DA:38,0
DA:40,0
DA:42,0
DA:43,0
DA:45,0
DA:48,0
DA:56,0
DA:57,0
DA:62,0
DA:63,0
DA:68,0
DA:69,0
DA:74,0
DA:75,0
DA:79,0
DA:80,0
DA:84,0
DA:85,0
DA:89,0
DA:90,0
DA:95,0
DA:102,0
DA:109,0
DA:116,0
DA:123,0
DA:130,0
DA:137,0
DA:144,0
DA:151,0
DA:158,0
DA:165,0
DA:172,0
DA:180,0
DA:187,0
DA:194,0
DA:208,0
DA:209,0
DA:210,0
DA:212,0
DA:214,0
DA:215,0
DA:218,0
DA:219,0
DA:223,0
LF:48
LH:0
BRDA:27,0,0,0
BRDA:40,1,0,0
BRDA:40,1,1,0
BRDA:43,2,0,0
BRDA:43,2,1,0
BRDA:73,3,0,0
BRDA:122,4,0,0
BRDA:129,5,0,0
BRDA:203,6,0,0
BRDA:204,7,0,0
BRDA:214,8,0,0
BRF:11
BRH:0
end_of_record
TN:
SF:src\utils\test-server.ts
FN:11,(anonymous_1)
FN:15,(anonymous_2)
FN:31,(anonymous_3)
FN:33,(anonymous_4)
FN:34,(anonymous_5)
FN:42,(anonymous_6)
FN:51,(anonymous_7)
FN:62,(anonymous_8)
FN:66,(anonymous_9)
FN:83,(anonymous_10)
FN:87,(anonymous_11)
FN:102,(anonymous_12)
FN:110,(anonymous_13)
FN:116,(anonymous_14)
FN:120,(anonymous_15)
FN:127,(anonymous_16)
FN:135,(anonymous_17)
FN:148,(anonymous_18)
FN:149,(anonymous_19)
FNF:19
FNH:0
FNDA:0,(anonymous_1)
FNDA:0,(anonymous_2)
FNDA:0,(anonymous_3)
FNDA:0,(anonymous_4)
FNDA:0,(anonymous_5)
FNDA:0,(anonymous_6)
FNDA:0,(anonymous_7)
FNDA:0,(anonymous_8)
FNDA:0,(anonymous_9)
FNDA:0,(anonymous_10)
FNDA:0,(anonymous_11)
FNDA:0,(anonymous_12)
FNDA:0,(anonymous_13)
FNDA:0,(anonymous_14)
FNDA:0,(anonymous_15)
FNDA:0,(anonymous_16)
FNDA:0,(anonymous_17)
FNDA:0,(anonymous_18)
FNDA:0,(anonymous_19)
DA:1,0
DA:2,0
DA:3,0
DA:5,0
DA:6,0
DA:7,0
DA:8,0
DA:9,0
DA:12,0
DA:16,0
DA:18,0
DA:21,0
DA:24,0
DA:27,0
DA:32,0
DA:33,0
DA:34,0
DA:35,0
DA:36,0
DA:39,0
DA:42,0
DA:43,0
DA:44,0
DA:52,0
DA:53,0
DA:56,0
DA:58,0
DA:63,0
DA:67,0
DA:69,0
DA:70,0
DA:73,0
DA:77,0
DA:84,0
DA:85,0
DA:87,0
DA:88,0
DA:94,0
DA:100,0
DA:102,0
DA:103,0
DA:105,0
DA:106,0
DA:110,0
DA:111,0
DA:112,0
DA:113,0
DA:116,0
DA:117,0
DA:120,0
DA:121,0
DA:122,0
DA:127,0
DA:128,0
DA:129,0
DA:136,0
DA:137,0
DA:138,0
DA:141,0
DA:142,0
DA:145,0
DA:149,0
LF:62
LH:0
BRDA:11,0,0,0
BRDA:32,1,0,0
BRDA:43,2,0,0
BRDA:56,3,0,0
BRDA:56,3,1,0
BRDA:69,4,0,0
BRDA:69,4,1,0
BRDA:105,5,0,0
BRDA:105,6,0,0
BRDA:105,6,1,0
BRDA:121,7,0,0
BRDA:121,8,0,0
BRDA:121,8,1,0
BRDA:128,9,0,0
BRDA:128,10,0,0
BRDA:128,10,1,0
BRDA:137,11,0,0
BRF:17
BRH:0
end_of_record
TN:
SF:src\utils\test-utils.ts
FN:6,(anonymous_0)
FN:15,(anonymous_1)
FN:27,(anonymous_2)
FN:39,(anonymous_3)
FN:40,(anonymous_4)
FN:46,(anonymous_5)
FN:49,(anonymous_6)
FN:71,(anonymous_7)
FN:74,(anonymous_8)
FN:86,(anonymous_9)
FN:102,(anonymous_10)
FNF:11
FNH:11
FNDA:5,(anonymous_0)
FNDA:16,(anonymous_1)
FNDA:3,(anonymous_2)
FNDA:3,(anonymous_3)
FNDA:3,(anonymous_4)
FNDA:4,(anonymous_5)
FNDA:7,(anonymous_6)
FNDA:3,(anonymous_7)
FNDA:3,(anonymous_8)
FNDA:5,(anonymous_9)
FNDA:2,(anonymous_10)
DA:2,1
DA:7,5
DA:16,16
DA:17,4
DA:20,12
DA:21,12
DA:28,3
DA:40,3
DA:47,4
DA:49,4
DA:50,7
DA:52,2
DA:53,2
DA:55,2
DA:56,2
DA:58,1
DA:59,1
DA:61,2
DA:65,4
DA:72,3
DA:74,3
DA:75,3
DA:76,3
DA:77,3
DA:80,3
DA:87,5
DA:89,2
DA:91,1
DA:93,1
DA:95,1
DA:103,2
DA:105,2
DA:106,1
DA:109,2
DA:110,0
DA:113,2
DA:114,0
DA:117,2
LF:38
LH:36
BRDA:7,0,0,5
BRDA:7,0,1,4
BRDA:7,0,2,4
BRDA:16,1,0,4
BRDA:16,2,0,16
BRDA:16,2,1,13
BRDA:21,3,0,12
BRDA:21,3,1,11
BRDA:30,4,0,2
BRDA:30,4,1,1
BRDA:31,5,0,2
BRDA:31,5,1,1
BRDA:50,6,0,2
BRDA:50,6,1,2
BRDA:50,6,2,1
BRDA:50,6,3,2
BRDA:87,7,0,2
BRDA:87,7,1,1
BRDA:87,7,2,1
BRDA:87,7,3,1
BRDA:105,8,0,1
BRDA:109,9,0,0
BRDA:113,10,0,0
BRF:23
BRH:21
end_of_record
